This is pdfTeX, Version 3.1415926-1.40.11 (TeX Live 2010) (format=pdflatex 2010.7.21)  25 APR 2012 20:11
entering extended mode
 \write18 enabled.
 file:line:error style messages enabled.
 %&-line parsing enabled.
**FinalReport.tex
(./FinalReport.tex
LaTeX2e <2009/09/24>
Babel <v3.8l> and hyphenation patterns for english, dumylang, nohyphenation, ge
rman-x-2009-06-19, ngerman-x-2009-06-19, ancientgreek, ibycus, arabic, armenian
, basque, bulgarian, catalan, pinyin, coptic, croatian, czech, danish, dutch, u
kenglish, usenglishmax, esperanto, estonian, farsi, finnish, french, galician, 
german, ngerman, swissgerman, monogreek, greek, hungarian, icelandic, assamese,
 bengali, gujarati, hindi, kannada, malayalam, marathi, oriya, panjabi, tamil, 
telugu, indonesian, interlingua, irish, italian, kurmanji, lao, latin, latvian,
 lithuanian, mongolian, mongolianlmc, bokmal, nynorsk, polish, portuguese, roma
nian, russian, sanskrit, serbian, slovak, slovenian, spanish, swedish, turkish,
 turkmen, ukrainian, uppersorbian, welsh, loaded.
(/usr/local/texlive/2010/texmf-dist/tex/latex/amscls/amsart.cls
Document Class: amsart 2009/07/02 v2.20.1
\linespacing=\dimen102
\normalparindent=\dimen103
\normaltopskip=\skip41
(/usr/local/texlive/2010/texmf-dist/tex/latex/amsmath/amsmath.sty
Package: amsmath 2000/07/18 v2.13 AMS math features
\@mathmargin=\skip42

For additional information on amsmath, use the `?' option.
(/usr/local/texlive/2010/texmf-dist/tex/latex/amsmath/amstext.sty
Package: amstext 2000/06/29 v2.01

(/usr/local/texlive/2010/texmf-dist/tex/latex/amsmath/amsgen.sty
File: amsgen.sty 1999/11/30 v2.0
\@emptytoks=\toks14
\ex@=\dimen104
))
(/usr/local/texlive/2010/texmf-dist/tex/latex/amsmath/amsbsy.sty
Package: amsbsy 1999/11/29 v1.2d
\pmbraise@=\dimen105
)
(/usr/local/texlive/2010/texmf-dist/tex/latex/amsmath/amsopn.sty
Package: amsopn 1999/12/14 v2.01 operator names
)
\inf@bad=\count79
LaTeX Info: Redefining \frac on input line 211.
\uproot@=\count80
\leftroot@=\count81
LaTeX Info: Redefining \overline on input line 307.
\classnum@=\count82
\DOTSCASE@=\count83
LaTeX Info: Redefining \ldots on input line 379.
LaTeX Info: Redefining \dots on input line 382.
LaTeX Info: Redefining \cdots on input line 467.
\Mathstrutbox@=\box26
\strutbox@=\box27
\big@size=\dimen106
LaTeX Font Info:    Redeclaring font encoding OML on input line 567.
LaTeX Font Info:    Redeclaring font encoding OMS on input line 568.
\macc@depth=\count84
\c@MaxMatrixCols=\count85
\dotsspace@=\muskip10
\c@parentequation=\count86
\dspbrk@lvl=\count87
\tag@help=\toks15
\row@=\count88
\column@=\count89
\maxfields@=\count90
\andhelp@=\toks16
\eqnshift@=\dimen107
\alignsep@=\dimen108
\tagshift@=\dimen109
\tagwidth@=\dimen110
\totwidth@=\dimen111
\lineht@=\dimen112
\@envbody=\toks17
\multlinegap=\skip43
\multlinetaggap=\skip44
\mathdisplay@stack=\toks18
LaTeX Info: Redefining \[ on input line 2666.
LaTeX Info: Redefining \] on input line 2667.
)
LaTeX Font Info:    Try loading font information for U+msa on input line 388.

(/usr/local/texlive/2010/texmf-dist/tex/latex/amsfonts/umsa.fd
File: umsa.fd 2009/06/22 v3.00 AMS symbols A
)
(/usr/local/texlive/2010/texmf-dist/tex/latex/amsfonts/amsfonts.sty
Package: amsfonts 2009/06/22 v3.00 Basic AMSFonts support
\symAMSa=\mathgroup4
\symAMSb=\mathgroup5
LaTeX Font Info:    Overwriting math alphabet `\mathfrak' in version `bold'
(Font)                  U/euf/m/n --> U/euf/b/n on input line 96.
)
\copyins=\insert233
\abstractbox=\box28
\listisep=\skip45
\c@part=\count91
\c@section=\count92
\c@subsection=\count93
\c@subsubsection=\count94
\c@paragraph=\count95
\c@subparagraph=\count96
\c@figure=\count97
\c@table=\count98
\abovecaptionskip=\skip46
\belowcaptionskip=\skip47
\captionindent=\dimen113
\thm@style=\toks19
\thm@bodyfont=\toks20
\thm@headfont=\toks21
\thm@notefont=\toks22
\thm@headpunct=\toks23
\thm@preskip=\skip48
\thm@postskip=\skip49
\thm@headsep=\skip50
\dth@everypar=\toks24
)
(/usr/local/texlive/2010/texmf-dist/tex/latex/geometry/geometry.sty
Package: geometry 2010/07/13 v5.5 Page Geometry

(/usr/local/texlive/2010/texmf-dist/tex/latex/graphics/keyval.sty
Package: keyval 1999/03/16 v1.13 key=value parser (DPC)
\KV@toks@=\toks25
)
(/usr/local/texlive/2010/texmf-dist/tex/generic/oberdiek/ifpdf.sty
Package: ifpdf 2010/01/28 v2.1 Provides the ifpdf switch (HO)
Package ifpdf Info: pdfTeX in pdf mode detected.
)
(/usr/local/texlive/2010/texmf-dist/tex/generic/oberdiek/ifvtex.sty
Package: ifvtex 2010/03/01 v1.5 Switches for detecting VTeX and its modes (HO)
Package ifvtex Info: VTeX not detected.
)
\Gm@cnth=\count99
\Gm@cntv=\count100
\c@Gm@tempcnt=\count101
\Gm@bindingoffset=\dimen114
\Gm@wd@mp=\dimen115
\Gm@odd@mp=\dimen116
\Gm@even@mp=\dimen117
\Gm@layoutwidth=\dimen118
\Gm@layoutheight=\dimen119
\Gm@layouthoffset=\dimen120
\Gm@layoutvoffset=\dimen121
\Gm@dimlist=\toks26
)
(/usr/local/texlive/2010/texmf-dist/tex/latex/graphics/graphicx.sty
Package: graphicx 1999/02/16 v1.0f Enhanced LaTeX Graphics (DPC,SPQR)

(/usr/local/texlive/2010/texmf-dist/tex/latex/graphics/graphics.sty
Package: graphics 2009/02/05 v1.0o Standard LaTeX Graphics (DPC,SPQR)

(/usr/local/texlive/2010/texmf-dist/tex/latex/graphics/trig.sty
Package: trig 1999/03/16 v1.09 sin cos tan (DPC)
)
(/usr/local/texlive/2010/texmf-dist/tex/latex/latexconfig/graphics.cfg
File: graphics.cfg 2010/04/23 v1.9 graphics configuration of TeX Live
)
Package graphics Info: Driver file: pdftex.def on input line 91.

(/usr/local/texlive/2010/texmf-dist/tex/latex/pdftex-def/pdftex.def
File: pdftex.def 2010/02/14 v0.04n Graphics/color for pdfTeX
\Gread@gobject=\count102
))
\Gin@req@height=\dimen122
\Gin@req@width=\dimen123
)
(/usr/local/texlive/2010/texmf-dist/tex/latex/amsfonts/amssymb.sty
Package: amssymb 2009/06/22 v3.00
)
(/usr/local/texlive/2010/texmf-dist/tex/latex/oberdiek/epstopdf.sty
Package: epstopdf 2010/02/09 v2.5 Conversion with epstopdf on the fly (HO)

(/usr/local/texlive/2010/texmf-dist/tex/latex/oberdiek/epstopdf-base.sty
Package: epstopdf-base 2010/02/09 v2.5 Base part for package epstopdf

(/usr/local/texlive/2010/texmf-dist/tex/generic/oberdiek/infwarerr.sty
Package: infwarerr 2010/04/08 v1.3 Providing info/warning/message (HO)
)
(/usr/local/texlive/2010/texmf-dist/tex/latex/oberdiek/grfext.sty
Package: grfext 2007/09/30 v1.0 Managing graphics extensions (HO)
)
(/usr/local/texlive/2010/texmf-dist/tex/latex/oberdiek/kvoptions.sty
Package: kvoptions 2010/02/22 v3.7 Keyval support for LaTeX options (HO)

(/usr/local/texlive/2010/texmf-dist/tex/generic/oberdiek/kvsetkeys.sty
Package: kvsetkeys 2010/03/01 v1.9 Key value parser (HO)

(/usr/local/texlive/2010/texmf-dist/tex/generic/oberdiek/etexcmds.sty
Package: etexcmds 2010/01/28 v1.3 Prefix for e-TeX command names (HO)
Package etexcmds Info: Could not find \expanded.
(etexcmds)             That can mean that you are not using pdfTeX 1.50 or
(etexcmds)             that some package has redefined \expanded.
(etexcmds)             In the latter case, load this package earlier.
)))
(/usr/local/texlive/2010/texmf-dist/tex/generic/oberdiek/pdftexcmds.sty
Package: pdftexcmds 2010/04/01 v0.9 Utility functions of pdfTeX for LuaTeX (HO)


(/usr/local/texlive/2010/texmf-dist/tex/generic/oberdiek/ifluatex.sty
Package: ifluatex 2010/03/01 v1.3 Provides the ifluatex switch (HO)
Package ifluatex Info: LuaTeX not detected.
)
(/usr/local/texlive/2010/texmf-dist/tex/generic/oberdiek/ltxcmds.sty
Package: ltxcmds 2010/04/26 v1.7 LaTeX kernel commands for general use (HO)
)
Package pdftexcmds Info: LuaTeX not detected.
Package pdftexcmds Info: \pdf@primitive is available.
Package pdftexcmds Info: \pdf@ifprimitive is available.
)
Package grfext Info: Graphics extension search list:
(grfext)             [.png,.pdf,.jpg,.mps,.jpeg,.jbig2,.jb2,.PNG,.PDF,.JPG,.JPE
G,.JBIG2,.JB2,.eps]
(grfext)             \AppendGraphicsExtensions on input line 436.

(/usr/local/texlive/2010/texmf-dist/tex/latex/latexconfig/epstopdf-sys.cfg
File: epstopdf-sys.cfg 2010/07/13 v1.3 Configuration of (r)epstopdf for TeX Liv
e
)))
(/usr/local/texlive/2010/texmf-dist/tex/latex/preprint/fullpage.sty
Package: fullpage 1999/02/23 1.1 (PWD)
\FP@margin=\skip51
)
(/usr/local/texlive/2010/texmf-dist/tex/latex/mh/mathtools.sty
Package: mathtools 2010/07/11 v1.08 mathematical typesetting tools (MH)

(/usr/local/texlive/2010/texmf-dist/tex/latex/tools/calc.sty
Package: calc 2007/08/22 v4.3 Infix arithmetic (KKT,FJ)
\calc@Acount=\count103
\calc@Bcount=\count104
\calc@Adimen=\dimen124
\calc@Bdimen=\dimen125
\calc@Askip=\skip52
\calc@Bskip=\skip53
LaTeX Info: Redefining \setlength on input line 76.
LaTeX Info: Redefining \addtolength on input line 77.
\calc@Ccount=\count105
\calc@Cskip=\skip54
)
(/usr/local/texlive/2010/texmf-dist/tex/latex/mh/mhsetup.sty
Package: mhsetup 2010/01/21 v1.2a programming setup (MH)
)
\g_MT_multlinerow_int=\count106
\l_MT_multwidth_dim=\dimen126
)
(/usr/local/texlive/2010/texmf-dist/tex/latex/qtree/qtree.sty
Package: 2008/12/12 v.3.1bQtree: tree-drawing for linguistics
Package: qtree 2008/12/12 v.3.1bQtree: tree-drawing for linguistics
(/usr/local/texlive/2010/texmf-dist/tex/latex/pict2e/pict2e.sty
Package: pict2e 2009/08/05 v0.2x Improved picture commands (HjG,RN,JT)

(/usr/local/texlive/2010/texmf-dist/tex/latex/pict2e/pict2e.cfg
File: pict2e.cfg 2009/08/05 v0.1s pict2e configuration for teTeX/TeXLive
)
Package pict2e Info: Driver file: pdftex.def on input line 101.
Package pict2e Info: Driver file for pict2e: p2e-pdftex.def on input line 103.

(/usr/local/texlive/2010/texmf-dist/tex/latex/pict2e/p2e-pdftex.def
File: p2e-pdftex.def 2009/08/05 v0.1s Driver-dependant file (RN,HjG,JT)
)
\pIIe@GRAPH=\toks27
\@arclen=\dimen127
\@arcrad=\dimen128
\@tempdimd=\dimen129
)
\c@treecount=\count107
\c@branchcount=\count108
\parentbox=\box29
\treebox=\box30
\treeboxone=\box31
\treeboxtwo=\box32
\treeboxthree=\box33
\treeboxfour=\box34
\treeboxfive=\box35
\treeboxsix=\box36
\treeboxseven=\box37
\treeboxeight=\box38
\treeboxnine=\box39
\treeboxten=\box40
\treeboxeleven=\box41
\treeboxtwelve=\box42
\treeboxthirteen=\box43
\treeboxfourteen=\box44
\treeboxfifteen=\box45
\treeboxsixteen=\box46
\treeboxseventeen=\box47
\treeboxeighteen=\box48
\treeboxnineteen=\box49
\treeboxtwenty=\box50
\treeoffsetone=\skip55
\treeoffsettwo=\skip56
\treeoffsetthree=\skip57
\treeoffsetfour=\skip58
\treeoffsetfive=\skip59
\treeoffsetsix=\skip60
\treeoffsetseven=\skip61
\treeoffseteight=\skip62
\treeoffsetnine=\skip63
\treeoffsetten=\skip64
\treeoffseteleven=\skip65
\treeoffsettwelve=\skip66
\treeoffsetthirteen=\skip67
\treeoffsetfourteen=\skip68
\treeoffsetfifteen=\skip69
\treeoffsetsixteen=\skip70
\treeoffsetseventeen=\skip71
\treeoffseteighteen=\skip72
\treeoffsetnineteen=\skip73
\treeoffsettwenty=\skip74
\treeshiftone=\skip75
\treeshifttwo=\skip76
\treeshiftthree=\skip77
\treeshiftfour=\skip78
\treeshiftfive=\skip79
\treeshiftsix=\skip80
\treeshiftseven=\skip81
\treeshifteight=\skip82
\treeshiftnine=\skip83
\treeshiftten=\skip84
\treeshifteleven=\skip85
\treeshifttwelve=\skip86
\treeshiftthirteen=\skip87
\treeshiftfourteen=\skip88
\treeshiftfifteen=\skip89
\treeshiftsixteen=\skip90
\treeshiftseventeen=\skip91
\treeshifteighteen=\skip92
\treeshiftnineteen=\skip93
\treeshifttwenty=\skip94
\treewidthone=\skip95
\treewidthtwo=\skip96
\treewidththree=\skip97
\treewidthfour=\skip98
\treewidthfive=\skip99
\treewidthsix=\skip100
\treewidthseven=\skip101
\treewidtheight=\skip102
\treewidthnine=\skip103
\treewidthten=\skip104
\treewidtheleven=\skip105
\treewidthtwelve=\skip106
\treewidththirteen=\skip107
\treewidthfourteen=\skip108
\treewidthfifteen=\skip109
\treewidthsixteen=\skip110
\treewidthseventeen=\skip111
\treewidtheighteen=\skip112
\treewidthnineteen=\skip113
\treewidthtwenty=\skip114
\daughteroffsetone=\skip115
\daughteroffsettwo=\skip116
\daughteroffsetthree=\skip117
\daughteroffsetfour=\skip118
\branchwidthone=\skip119
\branchwidthtwo=\skip120
\branchwidththree=\skip121
\branchwidthfour=\skip122
\parentoffset=\skip123
\treeoffset=\skip124
\daughteroffset=\skip125
\branchwidth=\skip126
\parentwidth=\skip127
\treewidth=\skip128
\qta=\toks28
\qtb=\toks29
\nbranches=\count109
\qroofx=\count110
\qroofy=\count111
\@qrscratchbox=\box51
)
(/usr/local/texlive/2010/texmf-dist/tex/latex/fancyhdr/fancyhdr.sty
\fancy@headwidth=\skip129
\f@ncyO@elh=\skip130
\f@ncyO@erh=\skip131
\f@ncyO@olh=\skip132
\f@ncyO@orh=\skip133
\f@ncyO@elf=\skip134
\f@ncyO@erf=\skip135
\f@ncyO@olf=\skip136
\f@ncyO@orf=\skip137
)
(./FinalReport.aux

LaTeX Warning: Label `default' multiply defined.

)
\openout1 = `FinalReport.aux'.

LaTeX Font Info:    Checking defaults for OML/cmm/m/it on input line 27.
LaTeX Font Info:    ... okay on input line 27.
LaTeX Font Info:    Checking defaults for T1/cmr/m/n on input line 27.
LaTeX Font Info:    ... okay on input line 27.
LaTeX Font Info:    Checking defaults for OT1/cmr/m/n on input line 27.
LaTeX Font Info:    ... okay on input line 27.
LaTeX Font Info:    Checking defaults for OMS/cmsy/m/n on input line 27.
LaTeX Font Info:    ... okay on input line 27.
LaTeX Font Info:    Checking defaults for OMX/cmex/m/n on input line 27.
LaTeX Font Info:    ... okay on input line 27.
LaTeX Font Info:    Checking defaults for U/cmr/m/n on input line 27.
LaTeX Font Info:    ... okay on input line 27.
LaTeX Font Info:    Try loading font information for OT1+ptm on input line 27.
 (/usr/local/texlive/2010/texmf-dist/tex/latex/psnfss/ot1ptm.fd
File: ot1ptm.fd 2001/06/04 font definitions for OT1/ptm.
)
LaTeX Font Info:    Try loading font information for U+msa on input line 27.

(/usr/local/texlive/2010/texmf-dist/tex/latex/amsfonts/umsa.fd
File: umsa.fd 2009/06/22 v3.00 AMS symbols A
)
LaTeX Font Info:    Try loading font information for U+msb on input line 27.

(/usr/local/texlive/2010/texmf-dist/tex/latex/amsfonts/umsb.fd
File: umsb.fd 2009/06/22 v3.00 AMS symbols B
)
*geometry* driver: auto-detecting
*geometry* detected driver: pdftex
*geometry* verbose mode - [ preamble ] result:
* driver: pdftex
* paper: letterpaper
* layout: <same size as paper>
* layoutoffset:(h,v)=(0.0pt,0.0pt)
* modes: twoside 
* h-part:(L,W,R)=(73.71613pt, 430.00462pt, 110.57425pt)
* v-part:(T,H,B)=(95.39737pt, 556.47656pt, 143.09605pt)
* \paperwidth=614.295pt
* \paperheight=794.96999pt
* \textwidth=469.75502pt
* \textheight=638.43001pt
* \oddsidemargin=0.0pt
* \evensidemargin=0.0pt
* \topmargin=0.0pt
* \headheight=15.0pt
* \headsep=25.0pt
* \topskip=10.0pt
* \footskip=35.0pt
* \marginparwidth=90.0pt
* \marginparsep=11.0pt
* \columnsep=10.0pt
* \skip\footins=7.0pt plus 11.0pt
* \hoffset=0.0pt
* \voffset=0.0pt
* \mag=1000
* \@twocolumnfalse
* \@twosidetrue
* \@mparswitchtrue
* \@reversemarginfalse
* (1in=72.27pt=25.4mm, 1cm=28.453pt)

(/usr/local/texlive/2010/texmf-dist/tex/context/base/supp-pdf.mkii
[Loading MPS to PDF converter (version 2006.09.02).]
\scratchcounter=\count112
\scratchdimen=\dimen130
\scratchbox=\box52
\nofMPsegments=\count113
\nofMParguments=\count114
\everyMPshowfont=\toks30
\MPscratchCnt=\count115
\MPscratchDim=\dimen131
\MPnumerator=\count116
\everyMPtoPDFconversion=\toks31
)
LaTeX Font Info:    Font shape `OT1/ptm/bx/n' in size <17.28> not available
(Font)              Font shape `OT1/ptm/b/n' tried instead on input line 37.
 [0

{/usr/local/texlive/2010/texmf-var/fonts/map/pdftex/updmap/pdftex.map}]
Underfull \vbox (badness 10000) has occurred while \output is active []

 [1]
LaTeX Font Info:    Font shape `OT1/ptm/bx/n' in size <12> not available
(Font)              Font shape `OT1/ptm/b/n' tried instead on input line 88.

<rptImages/100_2992.jpg, id=11, 200.75pt x 150.5625pt>
File: rptImages/100_2992.jpg Graphic file (type jpg)

<use rptImages/100_2992.jpg>
<rptImages/100_2993.jpg, id=12, 200.75pt x 150.5625pt>
File: rptImages/100_2993.jpg Graphic file (type jpg)

<use rptImages/100_2993.jpg>
<rptImages/100_2994.jpg, id=13, 200.75pt x 150.5625pt>
File: rptImages/100_2994.jpg Graphic file (type jpg)

<use rptImages/100_2994.jpg>
<rptImages/100_2995.jpg, id=14, 200.75pt x 150.5625pt>
File: rptImages/100_2995.jpg Graphic file (type jpg)

<use rptImages/100_2995.jpg>
<rptImages/100_3066.jpg, id=15, 200.75pt x 150.5625pt>
File: rptImages/100_3066.jpg Graphic file (type jpg)

<use rptImages/100_3066.jpg>
<rptImages/100_3067.jpg, id=16, 200.75pt x 150.5625pt>
File: rptImages/100_3067.jpg Graphic file (type jpg)

<use rptImages/100_3067.jpg>
<rptImages/100_3068.jpg, id=17, 200.75pt x 150.5625pt>
File: rptImages/100_3068.jpg Graphic file (type jpg)

<use rptImages/100_3068.jpg>
<rptImages/100_3069.jpg, id=18, 200.75pt x 150.5625pt>
File: rptImages/100_3069.jpg Graphic file (type jpg)

<use rptImages/100_3069.jpg> [2 <./rptImages/100_2992.jpg> <./rptImages/100_299
3.jpg> <./rptImages/100_2994.jpg> <./rptImages/100_2995.jpg> <./rptImages/100_3
066.jpg> <./rptImages/100_3067.jpg> <./rptImages/100_3068.jpg> <./rptImages/100
_3069.jpg>] [3] (./FinalReport.aux)

LaTeX Warning: There were multiply-defined labels.

 ) 
Here is how much of TeX's memory you used:
 4139 strings out of 493747
 55386 string characters out of 3143546
 124419 words of memory out of 3000000
 7186 multiletter control sequences out of 15000+200000
 24609 words of font info for 58 fonts, out of 3000000 for 9000
 875 hyphenation exceptions out of 8191
 41i,10n,43p,348b,224s stack positions out of 5000i,500n,10000p,200000b,50000s
{/usr/local/texlive/2010/texmf-dist/fonts/enc/dvips/base/8r.enc}</usr/local/t
exlive/2010/texmf-dist/fonts/type1/public/amsfonts/cm/cmmi12.pfb></usr/local/te
xlive/2010/texmf-dist/fonts/type1/public/amsfonts/cm/cmr12.pfb></usr/local/texl
ive/2010/texmf-dist/fonts/type1/public/amsfonts/cm/cmsy10.pfb></usr/local/texli
ve/2010/texmf-dist/fonts/type1/public/amsfonts/cm/cmsy8.pfb></usr/local/texlive
/2010/texmf-dist/fonts/type1/urw/times/utmb8a.pfb></usr/local/texlive/2010/texm
f-dist/fonts/type1/urw/times/utmr8a.pfb>
Output written on FinalReport.pdf (4 pages, 472245 bytes).
PDF statistics:
 50 PDF objects out of 1000 (max. 8388607)
 29 compressed objects within 1 object stream
 0 named destinations out of 1000 (max. 500000)
 41 words of extra memory for PDF output out of 10000 (max. 10000000)

